This file contains any messages produced by compilers while
running configure, to aid debugging if configure makes a mistake.

It was created by epdfinfo configure 1.0, which was
generated by GNU Autoconf 2.71.  Invocation command line was

  $ ./configure -q --bindir=/Users/nico/.emacs.d/elpa/pdf-tools-20220214.344/

## --------- ##
## Platform. ##
## --------- ##

hostname = MacBook-Pro-di-Nicola.local
uname -m = arm64
uname -r = 21.4.0
uname -s = Darwin
uname -v = Darwin Kernel Version 21.4.0: Fri Mar 18 00:47:26 PDT 2022; root:xnu-8020.101.4~15/RELEASE_ARM64_T8101

/usr/bin/uname -p = arm
/bin/uname -X     = unknown

/bin/arch              = unknown
/usr/bin/arch -k       = unknown
/usr/convex/getsysinfo = unknown
/usr/bin/hostinfo      = Mach kernel version:
	 Darwin Kernel Version 21.4.0: Fri Mar 18 00:47:26 PDT 2022; root:xnu-8020.101.4~15/RELEASE_ARM64_T8101
Kernel configured for up to 8 processors.
8 processors are physically available.
8 processors are logically available.
Processor type: arm64e (ARM64E)
Processors active: 0 1 2 3 4 5 6 7
Primary memory available: 8.00 gigabytes
Default processor set: 365 tasks, 2290 threads, 8 processors
Load average: 3.25, Mach factor: 4.73
/bin/machine           = unknown
/usr/bin/oslevel       = unknown
/bin/universe          = unknown

PATH: /opt/local/bin/
PATH: /opt/local/sbin/
PATH: /opt/homebrew/bin/
PATH: /opt/homebrew/sbin/
PATH: /usr/local/bin/
PATH: /usr/bin/
PATH: /bin/
PATH: /usr/sbin/
PATH: /sbin/
PATH: /Library/TeX/texbin/
PATH: /Library/Apple/usr/bin/
PATH: /Applications/Emacs.app/Contents/MacOS/bin-arm64-11/
PATH: /Applications/Emacs.app/Contents/MacOS/libexec-arm64-11/


## ----------- ##
## Core tests. ##
## ----------- ##

configure:2743: looking for aux files: config.guess config.sub ar-lib compile missing install-sh
configure:2756:  trying ./
configure:2785:   ./config.guess found
configure:2785:   ./config.sub found
configure:2785:   ./ar-lib found
configure:2785:   ./compile found
configure:2785:   ./missing found
configure:2767:   ./install-sh found
configure:2914: checking for a BSD-compatible install
configure:2987: result: /usr/bin/install -c
configure:2998: checking whether build environment is sane
configure:3053: result: yes
configure:3212: checking for a race-free mkdir -p
configure:3256: result: ./install-sh -c -d
configure:3263: checking for gawk
configure:3298: result: no
configure:3263: checking for mawk
configure:3298: result: no
configure:3263: checking for nawk
configure:3298: result: no
configure:3263: checking for awk
configure:3284: found /usr/bin/awk
configure:3295: result: awk
configure:3306: checking whether make sets $(MAKE)
configure:3329: result: yes
configure:3359: checking whether make supports nested variables
configure:3377: result: yes
configure:3580: checking for gcc
configure:3601: found /usr/bin/gcc
configure:3612: result: gcc
configure:3965: checking for C compiler version
configure:3974: gcc --version >&5
Apple clang version 13.1.6 (clang-1316.0.21.2.3)
Target: arm64-apple-darwin21.4.0
Thread model: posix
InstalledDir: /Applications/Xcode.app/Contents/Developer/Toolchains/XcodeDefault.xctoolchain/usr/bin
configure:3985: $? = 0
configure:3974: gcc -v >&5
Apple clang version 13.1.6 (clang-1316.0.21.2.3)
Target: arm64-apple-darwin21.4.0
Thread model: posix
InstalledDir: /Applications/Xcode.app/Contents/Developer/Toolchains/XcodeDefault.xctoolchain/usr/bin
configure:3985: $? = 0
configure:3974: gcc -V >&5
clang: error: argument to '-V' is missing (expected 1 value)
clang: error: no input files
configure:3985: $? = 1
configure:3974: gcc -qversion >&5
clang: error: unknown argument '-qversion'; did you mean '--version'?
clang: error: no input files
configure:3985: $? = 1
configure:3974: gcc -version >&5
clang: error: unknown argument '-version'; did you mean '--version'?
clang: error: no input files
configure:3985: $? = 1
configure:4005: checking whether the C compiler works
configure:4027: gcc    conftest.c  >&5
configure:4031: $? = 0
configure:4081: result: yes
configure:4084: checking for C compiler default output file name
configure:4086: result: a.out
configure:4092: checking for suffix of executables
configure:4099: gcc -o conftest    conftest.c  >&5
configure:4103: $? = 0
configure:4126: result: 
configure:4148: checking whether we are cross compiling
configure:4156: gcc -o conftest    conftest.c  >&5
configure:4160: $? = 0
configure:4167: ./conftest
configure:4171: $? = 0
configure:4186: result: no
configure:4191: checking for suffix of object files
configure:4214: gcc -c   conftest.c >&5
configure:4218: $? = 0
configure:4240: result: o
configure:4244: checking whether the compiler supports GNU C
configure:4264: gcc -c   conftest.c >&5
configure:4264: $? = 0
configure:4274: result: yes
configure:4285: checking whether gcc accepts -g
configure:4306: gcc -c -g  conftest.c >&5
configure:4306: $? = 0
configure:4350: result: yes
configure:4370: checking for gcc option to enable C11 features
configure:4385: gcc  -c -g -O2  conftest.c >&5
configure:4385: $? = 0
configure:4403: result: none needed
configure:4519: checking whether gcc understands -c and -o together
configure:4542: gcc -c conftest.c -o conftest2.o
configure:4545: $? = 0
configure:4542: gcc -c conftest.c -o conftest2.o
configure:4545: $? = 0
configure:4557: result: yes
configure:4577: checking whether make supports the include directive
configure:4592: make -f confmf.GNU && cat confinc.out
this is the am__doit target
configure:4595: $? = 0
configure:4614: result: yes (GNU style)
configure:4640: checking dependency style of gcc
configure:4752: result: gcc3
configure:4837: checking for g++
configure:4858: found /usr/bin/g++
configure:4869: result: g++
configure:4896: checking for C++ compiler version
configure:4905: g++ --version >&5
Apple clang version 13.1.6 (clang-1316.0.21.2.3)
Target: arm64-apple-darwin21.4.0
Thread model: posix
InstalledDir: /Applications/Xcode.app/Contents/Developer/Toolchains/XcodeDefault.xctoolchain/usr/bin
configure:4916: $? = 0
configure:4905: g++ -v >&5
Apple clang version 13.1.6 (clang-1316.0.21.2.3)
Target: arm64-apple-darwin21.4.0
Thread model: posix
InstalledDir: /Applications/Xcode.app/Contents/Developer/Toolchains/XcodeDefault.xctoolchain/usr/bin
configure:4916: $? = 0
configure:4905: g++ -V >&5
clang: error: argument to '-V' is missing (expected 1 value)
clang: error: no input files
configure:4916: $? = 1
configure:4905: g++ -qversion >&5
clang: error: unknown argument '-qversion'; did you mean '--version'?
clang: error: no input files
configure:4916: $? = 1
configure:4920: checking whether the compiler supports GNU C++
configure:4940: g++ -c   conftest.cpp >&5
configure:4940: $? = 0
configure:4950: result: yes
configure:4961: checking whether g++ accepts -g
configure:4982: g++ -c -g  conftest.cpp >&5
configure:4982: $? = 0
configure:5026: result: yes
configure:5046: checking for g++ option to enable C++11 features
configure:5061: g++  -c -g -O2  conftest.cpp >&5
conftest.cpp:57:3: error: "Compiler does not advertise C++11 conformance"
# error "Compiler does not advertise C++11 conformance"
  ^
conftest.cpp:62:3: error: unknown type name 'constexpr'
  constexpr int get_val() { return 20; }
  ^
conftest.cpp:74:17: error: delegating constructors are permitted only in C++11
    delegate(): delegate(2354) {}
                ^~~~~~~~
conftest.cpp:85:26: warning: 'override' keyword is a C++11 extension [-Wc++11-extensions]
    virtual int getval() override final { return this->n * 2; }
                         ^
conftest.cpp:85:35: warning: 'final' keyword is a C++11 extension [-Wc++11-extensions]
    virtual int getval() override final { return this->n * 2; }
                                  ^
conftest.cpp:92:16: warning: defaulted function definitions are a C++11 extension [-Wc++11-extensions]
    nocopy() = default;
               ^
conftest.cpp:93:29: warning: deleted function definitions are a C++11 extension [-Wc++11-extensions]
    nocopy(const nocopy&) = delete;
                            ^
conftest.cpp:94:41: warning: deleted function definitions are a C++11 extension [-Wc++11-extensions]
    nocopy & operator=(const nocopy&) = delete;
                                        ^
conftest.cpp:106:25: warning: 'auto' type specifier is a C++11 extension [-Wc++11-extensions]
  template <typename V> auto sum(V first) -> V
                        ^
conftest.cpp:106:25: error: 'auto' not allowed in function return type
  template <typename V> auto sum(V first) -> V
                        ^~~~
conftest.cpp:106:42: error: expected ';' at end of declaration
  template <typename V> auto sum(V first) -> V
                                         ^
                                         ;
conftest.cpp:106:43: error: cannot use arrow operator on a type
  template <typename V> auto sum(V first) -> V
                                          ^
conftest.cpp:110:33: warning: variadic templates are a C++11 extension [-Wc++11-extensions]
  template <typename V, typename... Args> auto sum(V first, Args... rest) -> V
                                ^
conftest.cpp:110:43: warning: 'auto' type specifier is a C++11 extension [-Wc++11-extensions]
  template <typename V, typename... Args> auto sum(V first, Args... rest) -> V
                                          ^
conftest.cpp:110:43: error: 'auto' not allowed in function return type
  template <typename V, typename... Args> auto sum(V first, Args... rest) -> V
                                          ^~~~
conftest.cpp:110:74: error: expected ';' at end of declaration
  template <typename V, typename... Args> auto sum(V first, Args... rest) -> V
                                                                         ^
                                                                         ;
conftest.cpp:110:75: error: cannot use arrow operator on a type
  template <typename V, typename... Args> auto sum(V first, Args... rest) -> V
                                                                          ^
conftest.cpp:134:3: warning: 'auto' type specifier is a C++11 extension [-Wc++11-extensions]
  auto a1 = 6538;
  ^
conftest.cpp:135:3: warning: 'auto' type specifier is a C++11 extension [-Wc++11-extensions]
  auto a2 = 48573953.4;
  ^
conftest.cpp:136:3: warning: 'auto' type specifier is a C++11 extension [-Wc++11-extensions]
  auto a3 = "String literal";
  ^
conftest.cpp:139:8: warning: 'auto' type specifier is a C++11 extension [-Wc++11-extensions]
  for (auto i = a3; *i; ++i) { total += *i; }
       ^
conftest.cpp:155:8: warning: 'auto' type specifier is a C++11 extension [-Wc++11-extensions]
  for (auto &x : array) { x += 23; }
       ^
conftest.cpp:155:16: warning: range-based for loop is a C++11 extension [-Wc++11-extensions]
  for (auto &x : array) { x += 23; }
               ^
conftest.cpp:160:17: error: expected expression
  assert (eval ([](int x) { return x*2; }, 21) == 42);
                ^
conftest.cpp:162:17: error: expected expression
  assert (eval ([&](double x) { return d += x; }, 3.0) == 5.0);
                ^
conftest.cpp:164:17: error: expected expression
  assert (eval ([=](double x) mutable { return d += x; }, 4.0) == 9.0);
                ^
conftest.cpp:170:3: warning: 'auto' type specifier is a C++11 extension [-Wc++11-extensions]
  auto a = sum(1);
  ^
conftest.cpp:170:12: error: no matching function for call to 'sum'
  auto a = sum(1);
           ^~~
conftest.cpp:171:3: warning: 'auto' type specifier is a C++11 extension [-Wc++11-extensions]
  auto b = sum(1, 2);
  ^
conftest.cpp:171:12: error: no matching function for call to 'sum'
  auto b = sum(1, 2);
           ^~~
conftest.cpp:172:3: warning: 'auto' type specifier is a C++11 extension [-Wc++11-extensions]
  auto c = sum(1.0, 2.0, 3.0);
  ^
conftest.cpp:172:12: error: no matching function for call to 'sum'
  auto c = sum(1.0, 2.0, 3.0);
           ^~~
conftest.cpp:177:25: warning: empty parentheses interpreted as a function declaration [-Wvexing-parse]
  cxx11test::delegate d2();
                        ^~
conftest.cpp:177:25: note: remove parentheses to declare a variable
  cxx11test::delegate d2();
                        ^~
conftest.cpp:190:16: error: found '<::' after a template name which forms the digraph '<:' (aka '[') and a ':', did you mean '< ::'?
  test_template<::test_template<int>> v(test_template<int>(12));
               ^~~
               < ::
conftest.cpp:190:36: error: a space is required between consecutive right angle brackets (use '> >')
  test_template<::test_template<int>> v(test_template<int>(12));
                                   ^~
                                   > >
conftest.cpp:194:22: error: use of undeclared identifier 'u8'
  char const *utf8 = u8"UTF-8 string \u2500";
                     ^
conftest.cpp:194:24: error: expected ';' at end of declaration
  char const *utf8 = u8"UTF-8 string \u2500";
                       ^
                       ;
fatal error: too many errors emitted, stopping now [-ferror-limit=]
18 warnings and 20 errors generated.
configure:5061: $? = 1
configure: failed program was:
| /* confdefs.h */
| #define PACKAGE_NAME "epdfinfo"
| #define PACKAGE_TARNAME "epdfinfo"
| #define PACKAGE_VERSION "1.0"
| #define PACKAGE_STRING "epdfinfo 1.0"
| #define PACKAGE_BUGREPORT "politza@fh-trier.de"
| #define PACKAGE_URL ""
| #define PACKAGE "epdfinfo"
| #define VERSION "1.0"
| /* end confdefs.h.  */
| 
| // Does the compiler advertise C++98 conformance?
| #if !defined __cplusplus || __cplusplus < 199711L
| # error "Compiler does not advertise C++98 conformance"
| #endif
| 
| // These inclusions are to reject old compilers that
| // lack the unsuffixed header files.
| #include <cstdlib>
| #include <exception>
| 
| // <cassert> and <cstring> are *not* freestanding headers in C++98.
| extern void assert (int);
| namespace std {
|   extern int strcmp (const char *, const char *);
| }
| 
| // Namespaces, exceptions, and templates were all added after "C++ 2.0".
| using std::exception;
| using std::strcmp;
| 
| namespace {
| 
| void test_exception_syntax()
| {
|   try {
|     throw "test";
|   } catch (const char *s) {
|     // Extra parentheses suppress a warning when building autoconf itself,
|     // due to lint rules shared with more typical C programs.
|     assert (!(strcmp) (s, "test"));
|   }
| }
| 
| template <typename T> struct test_template
| {
|   T const val;
|   explicit test_template(T t) : val(t) {}
|   template <typename U> T add(U u) { return static_cast<T>(u) + val; }
| };
| 
| } // anonymous namespace
| 
| 
| // Does the compiler advertise C++ 2011 conformance?
| #if !defined __cplusplus || __cplusplus < 201103L
| # error "Compiler does not advertise C++11 conformance"
| #endif
| 
| namespace cxx11test
| {
|   constexpr int get_val() { return 20; }
| 
|   struct testinit
|   {
|     int i;
|     double d;
|   };
| 
|   class delegate
|   {
|   public:
|     delegate(int n) : n(n) {}
|     delegate(): delegate(2354) {}
| 
|     virtual int getval() { return this->n; };
|   protected:
|     int n;
|   };
| 
|   class overridden : public delegate
|   {
|   public:
|     overridden(int n): delegate(n) {}
|     virtual int getval() override final { return this->n * 2; }
|   };
| 
|   class nocopy
|   {
|   public:
|     nocopy(int i): i(i) {}
|     nocopy() = default;
|     nocopy(const nocopy&) = delete;
|     nocopy & operator=(const nocopy&) = delete;
|   private:
|     int i;
|   };
| 
|   // for testing lambda expressions
|   template <typename Ret, typename Fn> Ret eval(Fn f, Ret v)
|   {
|     return f(v);
|   }
| 
|   // for testing variadic templates and trailing return types
|   template <typename V> auto sum(V first) -> V
|   {
|     return first;
|   }
|   template <typename V, typename... Args> auto sum(V first, Args... rest) -> V
|   {
|     return first + sum(rest...);
|   }
| }
| 
| 
| int
| main (int argc, char **argv)
| {
|   int ok = 0;
|   
|   assert (argc);
|   assert (! argv[0]);
| {
|   test_exception_syntax ();
|   test_template<double> tt (2.0);
|   assert (tt.add (4) == 6.0);
|   assert (true && !false);
| }
| 
|   
| {
|   // Test auto and decltype
|   auto a1 = 6538;
|   auto a2 = 48573953.4;
|   auto a3 = "String literal";
| 
|   int total = 0;
|   for (auto i = a3; *i; ++i) { total += *i; }
| 
|   decltype(a2) a4 = 34895.034;
| }
| {
|   // Test constexpr
|   short sa[cxx11test::get_val()] = { 0 };
| }
| {
|   // Test initializer lists
|   cxx11test::testinit il = { 4323, 435234.23544 };
| }
| {
|   // Test range-based for
|   int array[] = {9, 7, 13, 15, 4, 18, 12, 10, 5, 3,
|                  14, 19, 17, 8, 6, 20, 16, 2, 11, 1};
|   for (auto &x : array) { x += 23; }
| }
| {
|   // Test lambda expressions
|   using cxx11test::eval;
|   assert (eval ([](int x) { return x*2; }, 21) == 42);
|   double d = 2.0;
|   assert (eval ([&](double x) { return d += x; }, 3.0) == 5.0);
|   assert (d == 5.0);
|   assert (eval ([=](double x) mutable { return d += x; }, 4.0) == 9.0);
|   assert (d == 5.0);
| }
| {
|   // Test use of variadic templates
|   using cxx11test::sum;
|   auto a = sum(1);
|   auto b = sum(1, 2);
|   auto c = sum(1.0, 2.0, 3.0);
| }
| {
|   // Test constructor delegation
|   cxx11test::delegate d1;
|   cxx11test::delegate d2();
|   cxx11test::delegate d3(45);
| }
| {
|   // Test override and final
|   cxx11test::overridden o1(55464);
| }
| {
|   // Test nullptr
|   char *c = nullptr;
| }
| {
|   // Test template brackets
|   test_template<::test_template<int>> v(test_template<int>(12));
| }
| {
|   // Unicode literals
|   char const *utf8 = u8"UTF-8 string \u2500";
|   char16_t const *utf16 = u"UTF-8 string \u2500";
|   char32_t const *utf32 = U"UTF-32 string \u2500";
| }
| 
|   return ok;
| }
| 
configure:5079: result: none needed
configure:5145: checking dependency style of g++
configure:5257: result: gcc3
configure:5320: checking for ranlib
configure:5341: found /usr/bin/ranlib
configure:5352: result: ranlib
configure:5430: checking for ar
configure:5451: found /usr/bin/ar
configure:5462: result: ar
configure:5488: checking the archiver (ar) interface
configure:5505: gcc -c -g -O2  conftest.c >&5
configure:5505: $? = 0
configure:5508: ar cru libconftest.a conftest.o >&5
configure:5511: $? = 0
configure:5539: result: ar
configure:5624: checking for pkg-config
configure:5647: found /opt/homebrew/bin/pkg-config
configure:5659: result: /opt/homebrew/bin/pkg-config
configure:5684: checking pkg-config is at least version 0.9.0
configure:5687: result: yes
configure:5697: checking for libpng
configure:5704: $PKG_CONFIG --exists --print-errors "libpng"
configure:5707: $? = 0
configure:5721: $PKG_CONFIG --exists --print-errors "libpng"
configure:5724: $? = 0
configure:5782: result: yes
configure:5788: checking for glib-2.0
configure:5795: $PKG_CONFIG --exists --print-errors "glib-2.0"
configure:5798: $? = 0
configure:5812: $PKG_CONFIG --exists --print-errors "glib-2.0"
configure:5815: $? = 0
configure:5873: result: yes
configure:5879: checking for poppler
configure:5886: $PKG_CONFIG --exists --print-errors "poppler"
configure:5889: $? = 0
configure:5903: $PKG_CONFIG --exists --print-errors "poppler"
configure:5906: $? = 0
configure:5964: result: yes
configure:5970: checking for poppler-glib >= 0.16.0
configure:5977: $PKG_CONFIG --exists --print-errors "poppler-glib >= 0.16.0"
configure:5980: $? = 0
configure:5994: $PKG_CONFIG --exists --print-errors "poppler-glib >= 0.16.0"
configure:5997: $? = 0
configure:6055: result: yes
configure:6060: $PKG_CONFIG --exists --print-errors "poppler-glib >= 0.19.4"
configure:6063: $? = 0
configure:6068: $PKG_CONFIG --exists --print-errors "poppler-glib >= 0.22"
configure:6071: $? = 0
configure:6076: $PKG_CONFIG --exists --print-errors "poppler-glib >= 0.26"
configure:6079: $? = 0
configure:6085: checking for zlib
configure:6092: $PKG_CONFIG --exists --print-errors "zlib"
configure:6095: $? = 0
configure:6109: $PKG_CONFIG --exists --print-errors "zlib"
configure:6112: $? = 0
configure:6170: result: yes
configure:6190: gcc -c -g -O2  conftest.c >&5
conftest.c:13:8: error: unknown type name 'error'
       error
       ^
1 error generated.
configure:6190: $? = 1
configure: failed program was:
| /* confdefs.h */
| #define PACKAGE_NAME "epdfinfo"
| #define PACKAGE_TARNAME "epdfinfo"
| #define PACKAGE_VERSION "1.0"
| #define PACKAGE_STRING "epdfinfo 1.0"
| #define PACKAGE_BUGREPORT "politza@fh-trier.de"
| #define PACKAGE_URL ""
| #define PACKAGE "epdfinfo"
| #define VERSION "1.0"
| /* end confdefs.h.  */
| 
|      #ifndef _WIN32
|        error
|      #endif
| 
| int
| main (void)
| {
| 
|   ;
|   return 0;
| }
configure:6283: checking whether C++ compiler accepts -std=c++11
configure:6303: g++ -c -g -O2  -std=c++11 -I/opt/homebrew/Cellar/poppler/22.04.0/include/poppler conftest.cpp >&5
configure:6303: $? = 0
configure:6312: result: yes
configure:6330: checking for stdio.h
configure:6330: g++ -c -std=c++11 -g -O2 -I/opt/homebrew/Cellar/poppler/22.04.0/include/poppler conftest.cpp >&5
configure:6330: $? = 0
configure:6330: result: yes
configure:6330: checking for stdlib.h
configure:6330: g++ -c -std=c++11 -g -O2 -I/opt/homebrew/Cellar/poppler/22.04.0/include/poppler conftest.cpp >&5
configure:6330: $? = 0
configure:6330: result: yes
configure:6330: checking for string.h
configure:6330: g++ -c -std=c++11 -g -O2 -I/opt/homebrew/Cellar/poppler/22.04.0/include/poppler conftest.cpp >&5
configure:6330: $? = 0
configure:6330: result: yes
configure:6330: checking for inttypes.h
configure:6330: g++ -c -std=c++11 -g -O2 -I/opt/homebrew/Cellar/poppler/22.04.0/include/poppler conftest.cpp >&5
configure:6330: $? = 0
configure:6330: result: yes
configure:6330: checking for stdint.h
configure:6330: g++ -c -std=c++11 -g -O2 -I/opt/homebrew/Cellar/poppler/22.04.0/include/poppler conftest.cpp >&5
configure:6330: $? = 0
configure:6330: result: yes
configure:6330: checking for strings.h
configure:6330: g++ -c -std=c++11 -g -O2 -I/opt/homebrew/Cellar/poppler/22.04.0/include/poppler conftest.cpp >&5
configure:6330: $? = 0
configure:6330: result: yes
configure:6330: checking for sys/stat.h
configure:6330: g++ -c -std=c++11 -g -O2 -I/opt/homebrew/Cellar/poppler/22.04.0/include/poppler conftest.cpp >&5
configure:6330: $? = 0
configure:6330: result: yes
configure:6330: checking for sys/types.h
configure:6330: g++ -c -std=c++11 -g -O2 -I/opt/homebrew/Cellar/poppler/22.04.0/include/poppler conftest.cpp >&5
configure:6330: $? = 0
configure:6330: result: yes
configure:6330: checking for unistd.h
configure:6330: g++ -c -std=c++11 -g -O2 -I/opt/homebrew/Cellar/poppler/22.04.0/include/poppler conftest.cpp >&5
configure:6330: $? = 0
configure:6330: result: yes
configure:6358: checking for Annot.h
configure:6358: g++ -c -std=c++11 -g -O2 -I/opt/homebrew/Cellar/poppler/22.04.0/include/poppler conftest.cpp >&5
configure:6358: $? = 0
configure:6358: result: yes
configure:6358: checking for PDFDocEncoding.h
configure:6358: g++ -c -std=c++11 -g -O2 -I/opt/homebrew/Cellar/poppler/22.04.0/include/poppler conftest.cpp >&5
configure:6358: $? = 0
configure:6358: result: yes
configure:6403: checking build system type
configure:6418: result: aarch64-apple-darwin21.4.0
configure:6438: checking host system type
configure:6452: result: aarch64-apple-darwin21.4.0
configure:6473: checking for stdlib.h
configure:6473: result: yes
configure:6479: checking for string.h
configure:6479: result: yes
configure:6485: checking for strings.h
configure:6485: result: yes
configure:6491: checking for err.h
configure:6491: gcc -c -g -O2  conftest.c >&5
configure:6491: $? = 0
configure:6491: result: yes
configure:6499: checking for error.h
configure:6522: gcc -c -I/opt/homebrew/Cellar/poppler/22.04.0/include/poppler -I/opt/homebrew/Cellar/libffi/3.4.2/include -I/opt/homebrew/Cellar/poppler/22.04.0/include/poppler/glib -I/opt/homebrew/Cellar/poppler/22.04.0/include/poppler -I/opt/homebrew/Cellar/cairo/1.16.0_5/include/cairo -I/opt/homebrew/Cellar/glib/2.72.1/include -I/opt/homebrew/Cellar/glib/2.72.1/include/glib-2.0 -I/opt/homebrew/Cellar/glib/2.72.1/lib/glib-2.0/include -I/opt/homebrew/opt/gettext/include -I/opt/homebrew/Cellar/pcre/8.45/include -I/opt/homebrew/Cellar/pixman/0.40.0/include/pixman-1 -I/opt/homebrew/Cellar/fontconfig/2.14.0/include -I/opt/homebrew/opt/freetype/include/freetype2 -I/opt/homebrew/Cellar/libpng/1.6.37/include/libpng16 -I/opt/homebrew/Cellar/libxcb/1.14_2/include -I/opt/homebrew/Cellar/libxrender/0.9.10/include -I/opt/homebrew/Cellar/libxext/1.3.4/include -I/opt/homebrew/Cellar/libx11/1.8/include -I/opt/homebrew/Cellar/libxcb/1.14_2/include -I/opt/homebrew/Cellar/libxau/1.0.9/include -I/opt/homebrew/Cellar/libxdmcp/1.1.3/include -I/opt/homebrew/Cellar/xorgproto/2022.1/include  conftest.c >&5
conftest.c:31:18: warning: non-portable path to file '<Error.h>'; specified path differs in case from file name on disk [-Wnonportable-include-path]
        #include <error.h>
                 ^~~~~~~~~
                 <Error.h>
In file included from conftest.c:31:
/opt/homebrew/Cellar/poppler/22.04.0/include/poppler/error.h:31:10: fatal error: 'cstdarg' file not found
#include <cstdarg>
         ^~~~~~~~~
1 warning and 1 error generated.
configure:6522: $? = 1
configure: failed program was:
| /* confdefs.h */
| #define PACKAGE_NAME "epdfinfo"
| #define PACKAGE_TARNAME "epdfinfo"
| #define PACKAGE_VERSION "1.0"
| #define PACKAGE_STRING "epdfinfo 1.0"
| #define PACKAGE_BUGREPORT "politza@fh-trier.de"
| #define PACKAGE_URL ""
| #define PACKAGE "epdfinfo"
| #define VERSION "1.0"
| #define HAVE_STDIO_H 1
| #define HAVE_STDLIB_H 1
| #define HAVE_STRING_H 1
| #define HAVE_INTTYPES_H 1
| #define HAVE_STDINT_H 1
| #define HAVE_STRINGS_H 1
| #define HAVE_SYS_STAT_H 1
| #define HAVE_SYS_TYPES_H 1
| #define HAVE_UNISTD_H 1
| #define STDC_HEADERS 1
| #define HAVE_ANNOT_H 1
| #define HAVE_PDFDOCENCODING_H 1
| #define HAVE_POPPLER_FIND_OPTS 1
| #define HAVE_POPPLER_ANNOT_WRITE 1
| #define HAVE_POPPLER_ANNOT_MARKUP 1
| #define HAVE_STDLIB_H 1
| #define HAVE_STRING_H 1
| #define HAVE_STRINGS_H 1
| #define HAVE_ERR_H 1
| /* end confdefs.h.  */
| 
|         #include <error.h>
| 
| int
| main (void)
| {
| error (0, 0, "");
|   ;
|   return 0;
| }
configure:6530: result: no
configure:6543: checking for size_t
configure:6543: gcc -c -g -O2  conftest.c >&5
configure:6543: $? = 0
configure:6543: gcc -c -g -O2  conftest.c >&5
conftest.c:61:21: error: expected expression
if (sizeof ((size_t)))
                    ^
1 error generated.
configure:6543: $? = 1
configure: failed program was:
| /* confdefs.h */
| #define PACKAGE_NAME "epdfinfo"
| #define PACKAGE_TARNAME "epdfinfo"
| #define PACKAGE_VERSION "1.0"
| #define PACKAGE_STRING "epdfinfo 1.0"
| #define PACKAGE_BUGREPORT "politza@fh-trier.de"
| #define PACKAGE_URL ""
| #define PACKAGE "epdfinfo"
| #define VERSION "1.0"
| #define HAVE_STDIO_H 1
| #define HAVE_STDLIB_H 1
| #define HAVE_STRING_H 1
| #define HAVE_INTTYPES_H 1
| #define HAVE_STDINT_H 1
| #define HAVE_STRINGS_H 1
| #define HAVE_SYS_STAT_H 1
| #define HAVE_SYS_TYPES_H 1
| #define HAVE_UNISTD_H 1
| #define STDC_HEADERS 1
| #define HAVE_ANNOT_H 1
| #define HAVE_PDFDOCENCODING_H 1
| #define HAVE_POPPLER_FIND_OPTS 1
| #define HAVE_POPPLER_ANNOT_WRITE 1
| #define HAVE_POPPLER_ANNOT_MARKUP 1
| #define HAVE_STDLIB_H 1
| #define HAVE_STRING_H 1
| #define HAVE_STRINGS_H 1
| #define HAVE_ERR_H 1
| /* end confdefs.h.  */
| #include <stddef.h>
| #ifdef HAVE_STDIO_H
| # include <stdio.h>
| #endif
| #ifdef HAVE_STDLIB_H
| # include <stdlib.h>
| #endif
| #ifdef HAVE_STRING_H
| # include <string.h>
| #endif
| #ifdef HAVE_INTTYPES_H
| # include <inttypes.h>
| #endif
| #ifdef HAVE_STDINT_H
| # include <stdint.h>
| #endif
| #ifdef HAVE_STRINGS_H
| # include <strings.h>
| #endif
| #ifdef HAVE_SYS_TYPES_H
| # include <sys/types.h>
| #endif
| #ifdef HAVE_SYS_STAT_H
| # include <sys/stat.h>
| #endif
| #ifdef HAVE_UNISTD_H
| # include <unistd.h>
| #endif
| int
| main (void)
| {
| if (sizeof ((size_t)))
| 	    return 0;
|   ;
|   return 0;
| }
configure:6543: result: yes
configure:6553: checking for ssize_t
configure:6553: gcc -c -g -O2  conftest.c >&5
configure:6553: $? = 0
configure:6553: gcc -c -g -O2  conftest.c >&5
conftest.c:61:22: error: expected expression
if (sizeof ((ssize_t)))
                     ^
1 error generated.
configure:6553: $? = 1
configure: failed program was:
| /* confdefs.h */
| #define PACKAGE_NAME "epdfinfo"
| #define PACKAGE_TARNAME "epdfinfo"
| #define PACKAGE_VERSION "1.0"
| #define PACKAGE_STRING "epdfinfo 1.0"
| #define PACKAGE_BUGREPORT "politza@fh-trier.de"
| #define PACKAGE_URL ""
| #define PACKAGE "epdfinfo"
| #define VERSION "1.0"
| #define HAVE_STDIO_H 1
| #define HAVE_STDLIB_H 1
| #define HAVE_STRING_H 1
| #define HAVE_INTTYPES_H 1
| #define HAVE_STDINT_H 1
| #define HAVE_STRINGS_H 1
| #define HAVE_SYS_STAT_H 1
| #define HAVE_SYS_TYPES_H 1
| #define HAVE_UNISTD_H 1
| #define STDC_HEADERS 1
| #define HAVE_ANNOT_H 1
| #define HAVE_PDFDOCENCODING_H 1
| #define HAVE_POPPLER_FIND_OPTS 1
| #define HAVE_POPPLER_ANNOT_WRITE 1
| #define HAVE_POPPLER_ANNOT_MARKUP 1
| #define HAVE_STDLIB_H 1
| #define HAVE_STRING_H 1
| #define HAVE_STRINGS_H 1
| #define HAVE_ERR_H 1
| /* end confdefs.h.  */
| #include <stddef.h>
| #ifdef HAVE_STDIO_H
| # include <stdio.h>
| #endif
| #ifdef HAVE_STDLIB_H
| # include <stdlib.h>
| #endif
| #ifdef HAVE_STRING_H
| # include <string.h>
| #endif
| #ifdef HAVE_INTTYPES_H
| # include <inttypes.h>
| #endif
| #ifdef HAVE_STDINT_H
| # include <stdint.h>
| #endif
| #ifdef HAVE_STRINGS_H
| # include <strings.h>
| #endif
| #ifdef HAVE_SYS_TYPES_H
| # include <sys/types.h>
| #endif
| #ifdef HAVE_SYS_STAT_H
| # include <sys/stat.h>
| #endif
| #ifdef HAVE_UNISTD_H
| # include <unistd.h>
| #endif
| int
| main (void)
| {
| if (sizeof ((ssize_t)))
| 	    return 0;
|   ;
|   return 0;
| }
configure:6553: result: yes
configure:6563: checking for ptrdiff_t
configure:6563: gcc -c -g -O2  conftest.c >&5
configure:6563: $? = 0
configure:6563: gcc -c -g -O2  conftest.c >&5
conftest.c:61:24: error: expected expression
if (sizeof ((ptrdiff_t)))
                       ^
1 error generated.
configure:6563: $? = 1
configure: failed program was:
| /* confdefs.h */
| #define PACKAGE_NAME "epdfinfo"
| #define PACKAGE_TARNAME "epdfinfo"
| #define PACKAGE_VERSION "1.0"
| #define PACKAGE_STRING "epdfinfo 1.0"
| #define PACKAGE_BUGREPORT "politza@fh-trier.de"
| #define PACKAGE_URL ""
| #define PACKAGE "epdfinfo"
| #define VERSION "1.0"
| #define HAVE_STDIO_H 1
| #define HAVE_STDLIB_H 1
| #define HAVE_STRING_H 1
| #define HAVE_INTTYPES_H 1
| #define HAVE_STDINT_H 1
| #define HAVE_STRINGS_H 1
| #define HAVE_SYS_STAT_H 1
| #define HAVE_SYS_TYPES_H 1
| #define HAVE_UNISTD_H 1
| #define STDC_HEADERS 1
| #define HAVE_ANNOT_H 1
| #define HAVE_PDFDOCENCODING_H 1
| #define HAVE_POPPLER_FIND_OPTS 1
| #define HAVE_POPPLER_ANNOT_WRITE 1
| #define HAVE_POPPLER_ANNOT_MARKUP 1
| #define HAVE_STDLIB_H 1
| #define HAVE_STRING_H 1
| #define HAVE_STRINGS_H 1
| #define HAVE_ERR_H 1
| /* end confdefs.h.  */
| #include <stddef.h>
| #ifdef HAVE_STDIO_H
| # include <stdio.h>
| #endif
| #ifdef HAVE_STDLIB_H
| # include <stdlib.h>
| #endif
| #ifdef HAVE_STRING_H
| # include <string.h>
| #endif
| #ifdef HAVE_INTTYPES_H
| # include <inttypes.h>
| #endif
| #ifdef HAVE_STDINT_H
| # include <stdint.h>
| #endif
| #ifdef HAVE_STRINGS_H
| # include <strings.h>
| #endif
| #ifdef HAVE_SYS_TYPES_H
| # include <sys/types.h>
| #endif
| #ifdef HAVE_SYS_STAT_H
| # include <sys/stat.h>
| #endif
| #ifdef HAVE_UNISTD_H
| # include <unistd.h>
| #endif
| int
| main (void)
| {
| if (sizeof ((ptrdiff_t)))
| 	    return 0;
|   ;
|   return 0;
| }
configure:6563: result: yes
configure:6572: checking whether byte ordering is bigendian
configure:6588: gcc -c -g -O2  conftest.c >&5
configure:6588: $? = 0
configure:6634: gcc -c -g -O2  conftest.c >&5
configure:6634: $? = 0
configure:6653: gcc -c -g -O2  conftest.c >&5
conftest.c:38:4: error: use of undeclared identifier 'not'
                 not big endian
                 ^
1 error generated.
configure:6653: $? = 1
configure: failed program was:
| /* confdefs.h */
| #define PACKAGE_NAME "epdfinfo"
| #define PACKAGE_TARNAME "epdfinfo"
| #define PACKAGE_VERSION "1.0"
| #define PACKAGE_STRING "epdfinfo 1.0"
| #define PACKAGE_BUGREPORT "politza@fh-trier.de"
| #define PACKAGE_URL ""
| #define PACKAGE "epdfinfo"
| #define VERSION "1.0"
| #define HAVE_STDIO_H 1
| #define HAVE_STDLIB_H 1
| #define HAVE_STRING_H 1
| #define HAVE_INTTYPES_H 1
| #define HAVE_STDINT_H 1
| #define HAVE_STRINGS_H 1
| #define HAVE_SYS_STAT_H 1
| #define HAVE_SYS_TYPES_H 1
| #define HAVE_UNISTD_H 1
| #define STDC_HEADERS 1
| #define HAVE_ANNOT_H 1
| #define HAVE_PDFDOCENCODING_H 1
| #define HAVE_POPPLER_FIND_OPTS 1
| #define HAVE_POPPLER_ANNOT_WRITE 1
| #define HAVE_POPPLER_ANNOT_MARKUP 1
| #define HAVE_STDLIB_H 1
| #define HAVE_STRING_H 1
| #define HAVE_STRINGS_H 1
| #define HAVE_ERR_H 1
| #define HAVE_PTRDIFF_T 1
| /* end confdefs.h.  */
| #include <sys/types.h>
| 		#include <sys/param.h>
| 
| int
| main (void)
| {
| #if BYTE_ORDER != BIG_ENDIAN
| 		 not big endian
| 		#endif
| 
|   ;
|   return 0;
| }
configure:6787: result: no
configure:6807: checking for error_at_line
configure:6824: gcc -o conftest -g -O2   conftest.c  >&5
conftest.c:31:10: fatal error: 'error.h' file not found
#include <error.h>
         ^~~~~~~~~
1 error generated.
configure:6824: $? = 1
configure: failed program was:
| /* confdefs.h */
| #define PACKAGE_NAME "epdfinfo"
| #define PACKAGE_TARNAME "epdfinfo"
| #define PACKAGE_VERSION "1.0"
| #define PACKAGE_STRING "epdfinfo 1.0"
| #define PACKAGE_BUGREPORT "politza@fh-trier.de"
| #define PACKAGE_URL ""
| #define PACKAGE "epdfinfo"
| #define VERSION "1.0"
| #define HAVE_STDIO_H 1
| #define HAVE_STDLIB_H 1
| #define HAVE_STRING_H 1
| #define HAVE_INTTYPES_H 1
| #define HAVE_STDINT_H 1
| #define HAVE_STRINGS_H 1
| #define HAVE_SYS_STAT_H 1
| #define HAVE_SYS_TYPES_H 1
| #define HAVE_UNISTD_H 1
| #define STDC_HEADERS 1
| #define HAVE_ANNOT_H 1
| #define HAVE_PDFDOCENCODING_H 1
| #define HAVE_POPPLER_FIND_OPTS 1
| #define HAVE_POPPLER_ANNOT_WRITE 1
| #define HAVE_POPPLER_ANNOT_MARKUP 1
| #define HAVE_STDLIB_H 1
| #define HAVE_STRING_H 1
| #define HAVE_STRINGS_H 1
| #define HAVE_ERR_H 1
| #define HAVE_PTRDIFF_T 1
| /* end confdefs.h.  */
| #include <error.h>
| int
| main (void)
| {
| error_at_line (0, 0, "", 0, "an error occurred");
|   ;
|   return 0;
| }
configure:6833: result: no
configure:6844: checking for working strtod
configure:6887: gcc -o conftest -g -O2   conftest.c  >&5
configure:6887: $? = 0
configure:6887: ./conftest
configure:6887: $? = 0
configure:6898: result: yes
configure:6961: checking for strcspn
configure:6961: gcc -o conftest -g -O2   conftest.c  >&5
conftest.c:47:6: warning: incompatible redeclaration of library function 'strcspn' [-Wincompatible-library-redeclaration]
char strcspn ();
     ^
conftest.c:47:6: note: 'strcspn' is a builtin with type 'unsigned long (const char *, const char *)'
1 warning generated.
configure:6961: $? = 0
configure:6961: result: yes
configure:6967: checking for strtol
configure:6967: gcc -o conftest -g -O2   conftest.c  >&5
conftest.c:48:6: warning: incompatible redeclaration of library function 'strtol' [-Wincompatible-library-redeclaration]
char strtol ();
     ^
conftest.c:48:6: note: 'strtol' is a builtin with type 'long (const char *, char **, int)'
1 warning generated.
configure:6967: $? = 0
configure:6967: result: yes
configure:6973: checking for getline
configure:6973: gcc -o conftest -g -O2   conftest.c  >&5
configure:6973: $? = 0
configure:6973: result: yes
configure:7092: checking that generated files are newer than configure
configure:7098: result: done
configure:7130: creating ./config.status

## ---------------------- ##
## Running config.status. ##
## ---------------------- ##

This file was extended by epdfinfo config.status 1.0, which was
generated by GNU Autoconf 2.71.  Invocation command line was

  CONFIG_FILES    = 
  CONFIG_HEADERS  = 
  CONFIG_LINKS    = 
  CONFIG_COMMANDS = 
  $ ./config.status --quiet

on MacBook-Pro-di-Nicola.local

config.status:900: creating Makefile
config.status:900: creating config.h
config.status:1081: config.h is unchanged
config.status:1129: executing depfiles commands
config.status:1206: cd .       && sed -e '/# am--include-marker/d' Makefile         | make -f - am--depfiles
make: Nothing to be done for `am--depfiles'.
config.status:1211: $? = 0

## ---------------- ##
## Cache variables. ##
## ---------------- ##

ac_cv_build=aarch64-apple-darwin21.4.0
ac_cv_c_bigendian=no
ac_cv_c_compiler_gnu=yes
ac_cv_cxx_compiler_gnu=yes
ac_cv_env_CCC_set=
ac_cv_env_CCC_value=
ac_cv_env_CC_set=
ac_cv_env_CC_value=
ac_cv_env_CFLAGS_set=
ac_cv_env_CFLAGS_value=
ac_cv_env_CPPFLAGS_set=
ac_cv_env_CPPFLAGS_value=
ac_cv_env_CXXFLAGS_set=
ac_cv_env_CXXFLAGS_value=
ac_cv_env_CXX_set=
ac_cv_env_CXX_value=
ac_cv_env_LDFLAGS_set=
ac_cv_env_LDFLAGS_value=
ac_cv_env_LIBS_set=
ac_cv_env_LIBS_value=
ac_cv_env_PKG_CONFIG_LIBDIR_set=
ac_cv_env_PKG_CONFIG_LIBDIR_value=
ac_cv_env_PKG_CONFIG_PATH_set=set
ac_cv_env_PKG_CONFIG_PATH_value=/opt/homebrew/opt/libffi/lib/pkgconfig/
ac_cv_env_PKG_CONFIG_set=
ac_cv_env_PKG_CONFIG_value=
ac_cv_env_build_alias_set=
ac_cv_env_build_alias_value=
ac_cv_env_glib_CFLAGS_set=
ac_cv_env_glib_CFLAGS_value=
ac_cv_env_glib_LIBS_set=
ac_cv_env_glib_LIBS_value=
ac_cv_env_host_alias_set=
ac_cv_env_host_alias_value=
ac_cv_env_png_CFLAGS_set=
ac_cv_env_png_CFLAGS_value=
ac_cv_env_png_LIBS_set=
ac_cv_env_png_LIBS_value=
ac_cv_env_poppler_CFLAGS_set=
ac_cv_env_poppler_CFLAGS_value=
ac_cv_env_poppler_LIBS_set=
ac_cv_env_poppler_LIBS_value=
ac_cv_env_poppler_glib_CFLAGS_set=
ac_cv_env_poppler_glib_CFLAGS_value=
ac_cv_env_poppler_glib_LIBS_set=
ac_cv_env_poppler_glib_LIBS_value=
ac_cv_env_target_alias_set=
ac_cv_env_target_alias_value=
ac_cv_env_zlib_CFLAGS_set=
ac_cv_env_zlib_CFLAGS_value=
ac_cv_env_zlib_LIBS_set=
ac_cv_env_zlib_LIBS_value=
ac_cv_func_getline=yes
ac_cv_func_strcspn=yes
ac_cv_func_strtod=yes
ac_cv_func_strtol=yes
ac_cv_header_Annot_h=yes
ac_cv_header_PDFDocEncoding_h=yes
ac_cv_header_err_h=yes
ac_cv_header_inttypes_h=yes
ac_cv_header_stdint_h=yes
ac_cv_header_stdio_h=yes
ac_cv_header_stdlib_h=yes
ac_cv_header_string_h=yes
ac_cv_header_strings_h=yes
ac_cv_header_sys_stat_h=yes
ac_cv_header_sys_types_h=yes
ac_cv_header_unistd_h=yes
ac_cv_host=aarch64-apple-darwin21.4.0
ac_cv_lib_error_at_line=no
ac_cv_objext=o
ac_cv_path_ac_pt_PKG_CONFIG=/opt/homebrew/bin/pkg-config
ac_cv_path_install='/usr/bin/install -c'
ac_cv_prog_AWK=awk
ac_cv_prog_ac_ct_AR=ar
ac_cv_prog_ac_ct_CC=gcc
ac_cv_prog_ac_ct_CXX=g++
ac_cv_prog_ac_ct_RANLIB=ranlib
ac_cv_prog_cc_c11=
ac_cv_prog_cc_g=yes
ac_cv_prog_cc_stdc=
ac_cv_prog_cxx_11=no
ac_cv_prog_cxx_g=yes
ac_cv_prog_cxx_stdcxx=
ac_cv_prog_make_make_set=yes
ac_cv_type_ptrdiff_t=yes
ac_cv_type_size_t=yes
ac_cv_type_ssize_t=yes
am_cv_CC_dependencies_compiler_type=gcc3
am_cv_CXX_dependencies_compiler_type=gcc3
am_cv_ar_interface=ar
am_cv_make_support_nested_variables=yes
am_cv_prog_cc_c_o=yes
ax_cv_check_cxxflags___std_cpp11=yes
pkg_cv_glib_CFLAGS='-I/opt/homebrew/Cellar/glib/2.72.1/include/glib-2.0 -I/opt/homebrew/Cellar/glib/2.72.1/lib/glib-2.0/include -I/opt/homebrew/opt/gettext/include -I/opt/homebrew/Cellar/pcre/8.45/include'
pkg_cv_glib_LIBS='-L/opt/homebrew/Cellar/glib/2.72.1/lib -L/opt/homebrew/opt/gettext/lib -lglib-2.0 -lintl'
pkg_cv_png_CFLAGS=-I/opt/homebrew/Cellar/libpng/1.6.37/include/libpng16
pkg_cv_png_LIBS='-L/opt/homebrew/Cellar/libpng/1.6.37/lib -lpng16 -lz'
pkg_cv_poppler_CFLAGS=-I/opt/homebrew/Cellar/poppler/22.04.0/include/poppler
pkg_cv_poppler_LIBS='-L/opt/homebrew/Cellar/poppler/22.04.0/lib -lpoppler'
pkg_cv_poppler_glib_CFLAGS='-I/opt/homebrew/Cellar/libffi/3.4.2/include -I/opt/homebrew/Cellar/poppler/22.04.0/include/poppler/glib -I/opt/homebrew/Cellar/poppler/22.04.0/include/poppler -I/opt/homebrew/Cellar/cairo/1.16.0_5/include/cairo -I/opt/homebrew/Cellar/glib/2.72.1/include -I/opt/homebrew/Cellar/glib/2.72.1/include/glib-2.0 -I/opt/homebrew/Cellar/glib/2.72.1/lib/glib-2.0/include -I/opt/homebrew/opt/gettext/include -I/opt/homebrew/Cellar/pcre/8.45/include -I/opt/homebrew/Cellar/pixman/0.40.0/include/pixman-1 -I/opt/homebrew/Cellar/fontconfig/2.14.0/include -I/opt/homebrew/opt/freetype/include/freetype2 -I/opt/homebrew/Cellar/libpng/1.6.37/include/libpng16 -I/opt/homebrew/Cellar/libxcb/1.14_2/include -I/opt/homebrew/Cellar/libxrender/0.9.10/include -I/opt/homebrew/Cellar/libxext/1.3.4/include -I/opt/homebrew/Cellar/libx11/1.8/include -I/opt/homebrew/Cellar/libxcb/1.14_2/include -I/opt/homebrew/Cellar/libxau/1.0.9/include -I/opt/homebrew/Cellar/libxdmcp/1.1.3/include -I/opt/homebrew/Cellar/xorgproto/2022.1/include'
pkg_cv_poppler_glib_LIBS='-L/opt/homebrew/Cellar/poppler/22.04.0/lib -L/opt/homebrew/Cellar/glib/2.72.1/lib -L/opt/homebrew/opt/gettext/lib -L/opt/homebrew/Cellar/cairo/1.16.0_5/lib -lpoppler-glib -lgobject-2.0 -lglib-2.0 -lintl -lcairo'
pkg_cv_zlib_CFLAGS=
pkg_cv_zlib_LIBS=-lz

## ----------------- ##
## Output variables. ##
## ----------------- ##

ACLOCAL='${SHELL} '\''/Users/nico/.emacs.d/elpa/pdf-tools-20220214.344/build/server/missing'\'' aclocal-1.16'
AMDEPBACKSLASH='\'
AMDEP_FALSE='#'
AMDEP_TRUE=''
AMTAR='$${TAR-tar}'
AM_BACKSLASH='\'
AM_DEFAULT_V='$(AM_DEFAULT_VERBOSITY)'
AM_DEFAULT_VERBOSITY='1'
AM_V='$(V)'
AR='ar'
AUTOCONF='${SHELL} '\''/Users/nico/.emacs.d/elpa/pdf-tools-20220214.344/build/server/missing'\'' autoconf'
AUTOHEADER='${SHELL} '\''/Users/nico/.emacs.d/elpa/pdf-tools-20220214.344/build/server/missing'\'' autoheader'
AUTOMAKE='${SHELL} '\''/Users/nico/.emacs.d/elpa/pdf-tools-20220214.344/build/server/missing'\'' automake-1.16'
AWK='awk'
CC='gcc'
CCDEPMODE='depmode=gcc3'
CFLAGS='-g -O2'
CPPFLAGS=''
CSCOPE='cscope'
CTAGS='ctags'
CXX='g++'
CXXDEPMODE='depmode=gcc3'
CXXFLAGS='-std=c++11 -g -O2'
CYGPATH_W='echo'
DEFS='-DHAVE_CONFIG_H'
DEPDIR='.deps'
ECHO_C='\c'
ECHO_N=''
ECHO_T=''
ETAGS='etags'
EXEEXT=''
HAVE_W32_FALSE=''
HAVE_W32_TRUE='#'
INSTALL_DATA='${INSTALL} -m 644'
INSTALL_PROGRAM='${INSTALL}'
INSTALL_SCRIPT='${INSTALL}'
INSTALL_STRIP_PROGRAM='$(install_sh) -c -s'
LDFLAGS=''
LIBOBJS=' ${LIBOBJDIR}error$U.o'
LIBS=''
LTLIBOBJS=' ${LIBOBJDIR}error$U.lo'
MAKEINFO='${SHELL} '\''/Users/nico/.emacs.d/elpa/pdf-tools-20220214.344/build/server/missing'\'' makeinfo'
MKDIR_P='./install-sh -c -d'
OBJEXT='o'
PACKAGE='epdfinfo'
PACKAGE_BUGREPORT='politza@fh-trier.de'
PACKAGE_NAME='epdfinfo'
PACKAGE_STRING='epdfinfo 1.0'
PACKAGE_TARNAME='epdfinfo'
PACKAGE_URL=''
PACKAGE_VERSION='1.0'
PATH_SEPARATOR=':'
PKG_CONFIG='/opt/homebrew/bin/pkg-config'
PKG_CONFIG_LIBDIR=''
PKG_CONFIG_PATH='/opt/homebrew/opt/libffi/lib/pkgconfig/'
POW_LIB=''
RANLIB='ranlib'
SET_MAKE=''
SHELL='/bin/sh'
STRIP=''
VERSION='1.0'
ac_ct_AR='ar'
ac_ct_CC='gcc'
ac_ct_CXX='g++'
am__EXEEXT_FALSE=''
am__EXEEXT_TRUE='#'
am__fastdepCC_FALSE='#'
am__fastdepCC_TRUE=''
am__fastdepCXX_FALSE='#'
am__fastdepCXX_TRUE=''
am__include='include'
am__isrc=''
am__leading_dot='.'
am__nodep='_no'
am__quote=''
am__tar='$${TAR-tar} chof - "$$tardir"'
am__untar='$${TAR-tar} xf -'
bindir='/Users/nico/.emacs.d/elpa/pdf-tools-20220214.344'
build='aarch64-apple-darwin21.4.0'
build_alias=''
build_cpu='aarch64'
build_os='darwin21.4.0'
build_vendor='apple'
datadir='${datarootdir}'
datarootdir='${prefix}/share'
docdir='${datarootdir}/doc/${PACKAGE_TARNAME}'
dvidir='${docdir}'
exec_prefix='${prefix}'
glib_CFLAGS='-I/opt/homebrew/Cellar/glib/2.72.1/include/glib-2.0 -I/opt/homebrew/Cellar/glib/2.72.1/lib/glib-2.0/include -I/opt/homebrew/opt/gettext/include -I/opt/homebrew/Cellar/pcre/8.45/include'
glib_LIBS='-L/opt/homebrew/Cellar/glib/2.72.1/lib -L/opt/homebrew/opt/gettext/lib -lglib-2.0 -lintl'
host='aarch64-apple-darwin21.4.0'
host_alias=''
host_cpu='aarch64'
host_os='darwin21.4.0'
host_vendor='apple'
htmldir='${docdir}'
includedir='${prefix}/include'
infodir='${datarootdir}/info'
install_sh='${SHELL} /Users/nico/.emacs.d/elpa/pdf-tools-20220214.344/build/server/install-sh'
libdir='${exec_prefix}/lib'
libexecdir='${exec_prefix}/libexec'
localedir='${datarootdir}/locale'
localstatedir='${prefix}/var'
mandir='${datarootdir}/man'
mkdir_p='$(MKDIR_P)'
oldincludedir='/usr/include'
pdfdir='${docdir}'
png_CFLAGS='-I/opt/homebrew/Cellar/libpng/1.6.37/include/libpng16'
png_LIBS='-L/opt/homebrew/Cellar/libpng/1.6.37/lib -lpng16 -lz'
poppler_CFLAGS='-I/opt/homebrew/Cellar/poppler/22.04.0/include/poppler'
poppler_LIBS='-L/opt/homebrew/Cellar/poppler/22.04.0/lib -lpoppler'
poppler_glib_CFLAGS='-I/opt/homebrew/Cellar/libffi/3.4.2/include -I/opt/homebrew/Cellar/poppler/22.04.0/include/poppler/glib -I/opt/homebrew/Cellar/poppler/22.04.0/include/poppler -I/opt/homebrew/Cellar/cairo/1.16.0_5/include/cairo -I/opt/homebrew/Cellar/glib/2.72.1/include -I/opt/homebrew/Cellar/glib/2.72.1/include/glib-2.0 -I/opt/homebrew/Cellar/glib/2.72.1/lib/glib-2.0/include -I/opt/homebrew/opt/gettext/include -I/opt/homebrew/Cellar/pcre/8.45/include -I/opt/homebrew/Cellar/pixman/0.40.0/include/pixman-1 -I/opt/homebrew/Cellar/fontconfig/2.14.0/include -I/opt/homebrew/opt/freetype/include/freetype2 -I/opt/homebrew/Cellar/libpng/1.6.37/include/libpng16 -I/opt/homebrew/Cellar/libxcb/1.14_2/include -I/opt/homebrew/Cellar/libxrender/0.9.10/include -I/opt/homebrew/Cellar/libxext/1.3.4/include -I/opt/homebrew/Cellar/libx11/1.8/include -I/opt/homebrew/Cellar/libxcb/1.14_2/include -I/opt/homebrew/Cellar/libxau/1.0.9/include -I/opt/homebrew/Cellar/libxdmcp/1.1.3/include -I/opt/homebrew/Cellar/xorgproto/2022.1/include'
poppler_glib_LIBS='-L/opt/homebrew/Cellar/poppler/22.04.0/lib -L/opt/homebrew/Cellar/glib/2.72.1/lib -L/opt/homebrew/opt/gettext/lib -L/opt/homebrew/Cellar/cairo/1.16.0_5/lib -lpoppler-glib -lgobject-2.0 -lglib-2.0 -lintl -lcairo'
prefix='/usr/local'
program_transform_name='s,x,x,'
psdir='${docdir}'
runstatedir='${localstatedir}/run'
sbindir='${exec_prefix}/sbin'
sharedstatedir='${prefix}/com'
sysconfdir='${prefix}/etc'
target_alias=''
zlib_CFLAGS=''
zlib_LIBS='-lz'

## ----------- ##
## confdefs.h. ##
## ----------- ##

/* confdefs.h */
#define PACKAGE_NAME "epdfinfo"
#define PACKAGE_TARNAME "epdfinfo"
#define PACKAGE_VERSION "1.0"
#define PACKAGE_STRING "epdfinfo 1.0"
#define PACKAGE_BUGREPORT "politza@fh-trier.de"
#define PACKAGE_URL ""
#define PACKAGE "epdfinfo"
#define VERSION "1.0"
#define HAVE_STDIO_H 1
#define HAVE_STDLIB_H 1
#define HAVE_STRING_H 1
#define HAVE_INTTYPES_H 1
#define HAVE_STDINT_H 1
#define HAVE_STRINGS_H 1
#define HAVE_SYS_STAT_H 1
#define HAVE_SYS_TYPES_H 1
#define HAVE_UNISTD_H 1
#define STDC_HEADERS 1
#define HAVE_ANNOT_H 1
#define HAVE_PDFDOCENCODING_H 1
#define HAVE_POPPLER_FIND_OPTS 1
#define HAVE_POPPLER_ANNOT_WRITE 1
#define HAVE_POPPLER_ANNOT_MARKUP 1
#define HAVE_STDLIB_H 1
#define HAVE_STRING_H 1
#define HAVE_STRINGS_H 1
#define HAVE_ERR_H 1
#define HAVE_PTRDIFF_T 1
#define HAVE_STRCSPN 1
#define HAVE_STRTOL 1
#define HAVE_GETLINE 1

configure: exit 0
